{"level":30,"time":"2024-07-10T11:25:42.668Z","pid":16012,"hostname":"GM","msg":"Token created"}
{"level":30,"time":"2024-07-10T12:53:01.860Z","pid":17040,"hostname":"GM","msg":"Token created"}
{"level":30,"time":"2024-07-10T12:53:59.700Z","pid":19460,"hostname":"GM","id":"66478a859bcf0793760005e2","iat":1720100238,"exp":1720705038}
{"level":30,"time":"2024-07-10T12:54:29.629Z","pid":19460,"hostname":"GM","msg":"Token created"}
{"level":30,"time":"2024-07-10T12:54:32.453Z","pid":19460,"hostname":"GM","id":"66478a859bcf0793760005e2","iat":1720100238,"exp":1720705038}
{"level":30,"time":"2024-07-10T12:55:41.536Z","pid":19460,"hostname":"GM","msg":"Token created"}
{"level":30,"time":"2024-07-10T12:55:44.060Z","pid":19460,"hostname":"GM","id":"66478a859bcf0793760005e2","iat":1720100238,"exp":1720705038}
{"level":30,"time":"2024-07-10T12:57:12.181Z","pid":22336,"hostname":"GM","msg":"Token created"}
{"level":30,"time":"2024-07-10T12:57:15.603Z","pid":22336,"hostname":"GM","msg":"Token created"}
{"level":30,"time":"2024-07-10T13:01:10.288Z","pid":18096,"hostname":"GM","id":"66478a859bcf0793760005e2","iat":1720100238,"exp":1720705038}
{"level":30,"time":"2024-07-10T13:01:21.172Z","pid":18096,"hostname":"GM","msg":"Token created"}
{"level":30,"time":"2024-07-10T13:06:39.662Z","pid":5036,"hostname":"GM","msg":"Token created"}
{"level":30,"time":"2024-07-10T13:06:41.875Z","pid":5036,"hostname":"GM","msg":"Token:"}
{"level":30,"time":"2024-07-10T13:06:41.875Z","pid":5036,"hostname":"GM","msg":"JWT Secret:"}
{"level":30,"time":"2024-07-10T13:06:41.875Z","pid":5036,"hostname":"GM","msg":"Decoded Token:"}
{"level":30,"time":"2024-07-10T13:11:11.761Z","pid":20912,"hostname":"GM","msg":"Token created"}
{"level":30,"time":"2024-07-10T13:12:02.350Z","pid":20912,"hostname":"GM","msg":"Token created"}
{"level":30,"time":"2024-07-10T13:13:07.095Z","pid":20912,"hostname":"GM","msg":"Token created"}
{"level":30,"time":"2024-07-10T13:13:47.429Z","pid":820,"hostname":"GM","msg":"Token created"}
{"level":30,"time":"2024-07-10T13:14:14.394Z","pid":820,"hostname":"GM","id":"668e623912d28650fd35f3af","iat":1720617227,"exp":1721222027,"msg":"decoded"}
{"level":30,"time":"2024-07-10T13:14:14.394Z","pid":820,"hostname":"GM","$__":{"activePaths":{"paths":{"lastname":"init","firstname":"init","username":"init","password":"init","email":"init","role":"init","favouriteBooks":"init","readBooks":"init","reviews":"init","_id":"init","__v":"init"},"states":{"require":{},"default":{},"init":{"_id":true,"email":true,"password":true,"username":true,"firstname":true,"lastname":true,"role":true,"favouriteBooks":true,"readBooks":true,"reviews":true,"__v":true}}},"skipId":true},"$isNew":false,"_doc":{"_id":"668e623912d28650fd35f3af","email":"test@gmail.com","password":"$2b$11$oizWUZM362MXI.oHdj1JOerZai209B99aOezh2ouC5ExZLfXVuWaW","username":"Admin","firstname":"Admin","lastname":"Admnin","role":"ADMIN","favouriteBooks":[],"readBooks":[],"reviews":[],"__v":0},"msg":"currentUser"}
{"level":30,"time":"2024-07-10T13:14:29.514Z","pid":404,"hostname":"GM","id":"668e623912d28650fd35f3af","iat":1720617227,"exp":1721222027,"msg":"decoded"}
{"level":30,"time":"2024-07-10T13:14:29.515Z","pid":404,"hostname":"GM","$__":{"activePaths":{"paths":{"lastname":"init","firstname":"init","username":"init","password":"init","email":"init","role":"init","favouriteBooks":"init","readBooks":"init","reviews":"init","_id":"init","__v":"init"},"states":{"require":{},"default":{},"init":{"_id":true,"email":true,"password":true,"username":true,"firstname":true,"lastname":true,"role":true,"favouriteBooks":true,"readBooks":true,"reviews":true,"__v":true}}},"skipId":true},"$isNew":false,"_doc":{"_id":"668e623912d28650fd35f3af","email":"test@gmail.com","password":"$2b$11$oizWUZM362MXI.oHdj1JOerZai209B99aOezh2ouC5ExZLfXVuWaW","username":"Admin","firstname":"Admin","lastname":"Admnin","role":"ADMIN","favouriteBooks":[],"readBooks":[],"reviews":[],"__v":0},"msg":"currentUser"}
{"level":30,"time":"2024-07-10T13:14:49.632Z","pid":3956,"hostname":"GM","id":"668e623912d28650fd35f3af","iat":1720617227,"exp":1721222027,"msg":"decoded"}
{"level":30,"time":"2024-07-10T13:14:49.632Z","pid":3956,"hostname":"GM","$__":{"activePaths":{"paths":{"lastname":"init","firstname":"init","username":"init","password":"init","email":"init","role":"init","favouriteBooks":"init","readBooks":"init","reviews":"init","_id":"init","__v":"init"},"states":{"require":{},"default":{},"init":{"_id":true,"email":true,"password":true,"username":true,"firstname":true,"lastname":true,"role":true,"favouriteBooks":true,"readBooks":true,"reviews":true,"__v":true}}},"skipId":true},"$isNew":false,"_doc":{"_id":"668e623912d28650fd35f3af","email":"test@gmail.com","password":"$2b$11$oizWUZM362MXI.oHdj1JOerZai209B99aOezh2ouC5ExZLfXVuWaW","username":"Admin","firstname":"Admin","lastname":"Admnin","role":"ADMIN","favouriteBooks":[],"readBooks":[],"reviews":[],"__v":0},"msg":"currentUser"}
{"level":30,"time":"2024-07-10T13:14:59.800Z","pid":15784,"hostname":"GM","id":"668e623912d28650fd35f3af","iat":1720617227,"exp":1721222027,"msg":"decoded"}
{"level":30,"time":"2024-07-10T13:14:59.800Z","pid":15784,"hostname":"GM","$__":{"activePaths":{"paths":{"lastname":"init","firstname":"init","username":"init","password":"init","email":"init","role":"init","favouriteBooks":"init","readBooks":"init","reviews":"init","_id":"init","__v":"init"},"states":{"require":{},"default":{},"init":{"_id":true,"email":true,"password":true,"username":true,"firstname":true,"lastname":true,"role":true,"favouriteBooks":true,"readBooks":true,"reviews":true,"__v":true}}},"skipId":true},"$isNew":false,"_doc":{"_id":"668e623912d28650fd35f3af","email":"test@gmail.com","password":"$2b$11$oizWUZM362MXI.oHdj1JOerZai209B99aOezh2ouC5ExZLfXVuWaW","username":"Admin","firstname":"Admin","lastname":"Admnin","role":"ADMIN","favouriteBooks":[],"readBooks":[],"reviews":[],"__v":0},"msg":"currentUser"}
{"level":30,"time":"2024-07-10T13:15:07.661Z","pid":15784,"hostname":"GM","id":"668e623912d28650fd35f3af","iat":1720617227,"exp":1721222027,"msg":"decoded"}
{"level":30,"time":"2024-07-10T13:15:07.661Z","pid":15784,"hostname":"GM","$__":{"activePaths":{"paths":{"lastname":"init","firstname":"init","username":"init","password":"init","email":"init","role":"init","favouriteBooks":"init","readBooks":"init","reviews":"init","_id":"init","__v":"init"},"states":{"require":{},"default":{},"init":{"_id":true,"email":true,"password":true,"username":true,"firstname":true,"lastname":true,"role":true,"favouriteBooks":true,"readBooks":true,"reviews":true,"__v":true}}},"skipId":true},"$isNew":false,"_doc":{"_id":"668e623912d28650fd35f3af","email":"test@gmail.com","password":"$2b$11$oizWUZM362MXI.oHdj1JOerZai209B99aOezh2ouC5ExZLfXVuWaW","username":"Admin","firstname":"Admin","lastname":"Admnin","role":"ADMIN","favouriteBooks":[],"readBooks":[],"reviews":[],"__v":0},"msg":"currentUser"}
{"level":30,"time":"2024-07-10T13:17:13.565Z","pid":16008,"hostname":"GM","id":"668e623912d28650fd35f3af","iat":1720617227,"exp":1721222027,"msg":"decoded"}
{"level":30,"time":"2024-07-10T13:17:18.771Z","pid":7448,"hostname":"GM","id":"668e623912d28650fd35f3af","iat":1720617227,"exp":1721222027,"msg":"decoded"}
{"level":30,"time":"2024-07-10T13:19:46.415Z","pid":5988,"hostname":"GM","$__":{"activePaths":{"paths":{"lastname":"init","firstname":"init","username":"init","password":"init","email":"init","role":"init","favouriteBooks":"init","readBooks":"init","reviews":"init","_id":"init","__v":"init"},"states":{"require":{},"default":{},"init":{"_id":true,"email":true,"password":true,"username":true,"firstname":true,"lastname":true,"role":true,"favouriteBooks":true,"readBooks":true,"reviews":true,"__v":true}}},"skipId":true},"$isNew":false,"_doc":{"_id":"668e623912d28650fd35f3af","email":"test@gmail.com","password":"$2b$11$oizWUZM362MXI.oHdj1JOerZai209B99aOezh2ouC5ExZLfXVuWaW","username":"Admin","firstname":"Admin","lastname":"Admnin","role":"ADMIN","favouriteBooks":[],"readBooks":[],"reviews":[],"__v":0}}
{"level":30,"time":"2024-07-10T13:22:18.546Z","pid":21428,"hostname":"GM","msg":"book updated"}
{"level":30,"time":"2024-07-10T13:22:18.577Z","pid":21428,"hostname":"GM","msg":"cached books updated"}
{"level":30,"time":"2024-07-10T13:26:56.975Z","pid":13652,"hostname":"GM","$__":{"activePaths":{"paths":{"lastname":"init","firstname":"init","username":"init","password":"init","email":"init","role":"init","favouriteBooks":"init","readBooks":"init","reviews":"init","_id":"init","__v":"init"},"states":{"require":{},"default":{},"init":{"_id":true,"email":true,"password":true,"username":true,"firstname":true,"lastname":true,"role":true,"favouriteBooks":true,"readBooks":true,"reviews":true,"__v":true}}},"skipId":true},"$isNew":false,"_doc":{"_id":"668e623912d28650fd35f3af","email":"test@gmail.com","password":"$2b$11$oizWUZM362MXI.oHdj1JOerZai209B99aOezh2ouC5ExZLfXVuWaW","username":"Admin","firstname":"Admin","lastname":"Admnin","role":"ADMIN","favouriteBooks":[],"readBooks":[],"reviews":[],"__v":0}}
{"level":30,"time":"2024-07-10T13:29:17.186Z","pid":15340,"hostname":"GM","msg":"book updated"}
{"level":30,"time":"2024-07-10T13:29:17.215Z","pid":15340,"hostname":"GM","msg":"cached books updated"}
{"level":30,"time":"2024-07-10T13:30:13.211Z","pid":21264,"hostname":"GM","msg":"book deleted"}
{"level":30,"time":"2024-07-10T13:30:13.211Z","pid":21264,"hostname":"GM","msg":"book removed from cache"}
{"level":30,"time":"2024-07-10T13:33:50.316Z","pid":9184,"hostname":"GM","msg":"Token created"}
{"level":30,"time":"2024-07-10T13:33:59.463Z","pid":9184,"hostname":"GM","msg":"DB Read"}
{"level":30,"time":"2024-07-10T13:34:05.666Z","pid":9184,"hostname":"GM","msg":"book updated"}
{"level":30,"time":"2024-07-10T13:34:05.691Z","pid":9184,"hostname":"GM","msg":"cached books updated"}
{"level":30,"time":"2024-07-10T13:34:23.061Z","pid":9184,"hostname":"GM","msg":"Token created"}
{"level":30,"time":"2024-07-10T13:35:19.786Z","pid":11524,"hostname":"GM","msg":"book updated"}
{"level":30,"time":"2024-07-10T13:35:19.814Z","pid":11524,"hostname":"GM","msg":"cached books updated"}
{"level":50,"time":"2024-07-10T13:35:19.815Z","pid":11524,"hostname":"GM","msg":"Cannot set headers after they are sent to the client"}
{"level":30,"time":"2024-07-10T13:35:30.567Z","pid":21004,"hostname":"GM","msg":"book updated"}
{"level":30,"time":"2024-07-10T13:35:30.596Z","pid":21004,"hostname":"GM","msg":"cached books updated"}
{"level":50,"time":"2024-07-10T13:35:30.596Z","pid":21004,"hostname":"GM","msg":"Cannot set headers after they are sent to the client"}
{"level":40,"time":"2024-07-10T13:36:45.954Z","pid":16136,"hostname":"GM","msg":"You don't have the authorization"}
{"level":30,"time":"2024-07-10T13:36:45.984Z","pid":16136,"hostname":"GM","msg":"book updated"}
{"level":30,"time":"2024-07-10T13:36:46.012Z","pid":16136,"hostname":"GM","msg":"cached books updated"}
{"level":50,"time":"2024-07-10T13:36:46.013Z","pid":16136,"hostname":"GM","msg":"Cannot set headers after they are sent to the client"}
{"level":40,"time":"2024-07-10T13:37:42.711Z","pid":19880,"hostname":"GM","msg":"You don't have the authorization"}
{"level":30,"time":"2024-07-10T13:37:42.743Z","pid":19880,"hostname":"GM","msg":"book updated"}
{"level":30,"time":"2024-07-10T13:37:42.772Z","pid":19880,"hostname":"GM","msg":"cached books updated"}
{"level":50,"time":"2024-07-10T13:37:42.773Z","pid":19880,"hostname":"GM","msg":"Cannot set headers after they are sent to the client"}
{"level":30,"time":"2024-07-10T13:40:06.170Z","pid":2604,"hostname":"GM","msg":"book updated"}
{"level":30,"time":"2024-07-10T13:40:06.198Z","pid":2604,"hostname":"GM","msg":"cached books updated"}
{"level":50,"time":"2024-07-10T13:40:06.199Z","pid":2604,"hostname":"GM","msg":"Cannot set headers after they are sent to the client"}
{"level":40,"time":"2024-07-10T13:41:09.763Z","pid":11560,"hostname":"GM","msg":"You don't have the authorization"}
{"level":40,"time":"2024-07-10T13:43:54.395Z","pid":21588,"hostname":"GM","msg":"You don't have the authorization"}
{"level":30,"time":"2024-07-10T13:43:59.265Z","pid":21588,"hostname":"GM","msg":"Token created"}
{"level":50,"time":"2024-07-10T13:44:01.030Z","pid":21588,"hostname":"GM","msg":"Cast to ObjectId failed for value \"668d519cccdacd26f8f7aba6e\" (type string) at path \"_id\" for model \"Book\""}
{"level":50,"time":"2024-07-10T13:44:21.770Z","pid":14084,"hostname":"GM","msg":"Cast to ObjectId failed for value \"668d519cccdacd26f8f7aba6e\" (type string) at path \"_id\" for model \"Book\""}
{"level":50,"time":"2024-07-10T13:45:19.157Z","pid":16064,"hostname":"GM","msg":"Cast to ObjectId failed for value \"668d519cccdacd26f8f7aba6e\" (type string) at path \"_id\" for model \"Book\""}
{"level":50,"time":"2024-07-10T13:46:23.278Z","pid":2412,"hostname":"GM","msg":"Cast to ObjectId failed for value \"668d519cccdacd26f8f7aba6e\" (type string) at path \"_id\" for model \"Book\""}
{"level":50,"time":"2024-07-10T13:47:19.430Z","pid":15664,"hostname":"GM","msg":"Cast to ObjectId failed for value \"668d519cccdacd26f8f7aba6e\" (type string) at path \"_id\" for model \"Book\""}
{"level":40,"time":"2024-07-10T13:47:43.810Z","pid":15664,"hostname":"GM","msg":"Book not found"}
{"level":50,"time":"2024-07-10T13:47:43.810Z","pid":15664,"hostname":"GM","msg":"Book not found"}
{"level":40,"time":"2024-07-10T13:48:26.585Z","pid":13584,"hostname":"GM","msg":"Book not found"}
{"level":50,"time":"2024-07-10T13:48:26.586Z","pid":13584,"hostname":"GM","msg":"Book not found"}
{"level":40,"time":"2024-07-10T13:48:56.172Z","pid":13908,"hostname":"GM","msg":"Book not found"}
{"level":50,"time":"2024-07-10T13:48:56.172Z","pid":13908,"hostname":"GM","msg":"Book with id undefined not found"}
{"level":40,"time":"2024-07-10T13:49:02.252Z","pid":11144,"hostname":"GM","msg":"Book not found"}
{"level":50,"time":"2024-07-10T13:49:02.253Z","pid":11144,"hostname":"GM","msg":"Book with id 668d519cccdacd26f8f7aba4 not found"}
{"level":40,"time":"2024-07-10T13:50:25.916Z","pid":5604,"hostname":"GM","msg":"Book not found"}
{"level":50,"time":"2024-07-10T13:50:25.916Z","pid":5604,"hostname":"GM","msg":"Book with id 668d519cccdacd26f8f7aba4 not found"}
{"level":40,"time":"2024-07-10T13:50:40.187Z","pid":5604,"hostname":"GM","msg":"Book not found"}
{"level":50,"time":"2024-07-10T13:50:40.187Z","pid":5604,"hostname":"GM","msg":"Book with id 668d519cccdacd26f8f7aba4 not found"}
{"level":30,"time":"2024-07-10T13:50:44.848Z","pid":5604,"hostname":"GM","msg":"DB read"}
{"level":30,"time":"2024-07-10T13:51:38.019Z","pid":8472,"hostname":"GM","msg":"book deleted"}
{"level":30,"time":"2024-07-10T13:51:38.019Z","pid":8472,"hostname":"GM","msg":"book removed from cache"}
{"level":30,"time":"2024-07-10T13:51:39.471Z","pid":8472,"hostname":"GM","msg":"book deleted"}
{"level":30,"time":"2024-07-10T13:51:39.471Z","pid":8472,"hostname":"GM","msg":"book removed from cache"}
{"level":30,"time":"2024-07-10T13:51:49.003Z","pid":8472,"hostname":"GM","msg":"book deleted"}
{"level":30,"time":"2024-07-10T13:51:49.003Z","pid":8472,"hostname":"GM","msg":"book removed from cache"}
{"level":30,"time":"2024-07-10T13:51:49.712Z","pid":8472,"hostname":"GM","msg":"book deleted"}
{"level":30,"time":"2024-07-10T13:51:49.712Z","pid":8472,"hostname":"GM","msg":"book removed from cache"}
{"level":30,"time":"2024-07-10T13:51:50.138Z","pid":8472,"hostname":"GM","msg":"book deleted"}
{"level":30,"time":"2024-07-10T13:51:50.138Z","pid":8472,"hostname":"GM","msg":"book removed from cache"}
{"level":30,"time":"2024-07-10T13:52:19.342Z","pid":21976,"hostname":"GM","msg":"book deleted"}
{"level":30,"time":"2024-07-10T13:52:19.342Z","pid":21976,"hostname":"GM","msg":"book removed from cache"}
{"level":30,"time":"2024-07-10T13:52:20.434Z","pid":21976,"hostname":"GM","msg":"book deleted"}
{"level":30,"time":"2024-07-10T13:52:20.434Z","pid":21976,"hostname":"GM","msg":"book removed from cache"}
{"level":30,"time":"2024-07-10T13:54:45.858Z","pid":20740,"hostname":"GM","msg":"book deleted"}
{"level":30,"time":"2024-07-10T13:54:45.858Z","pid":20740,"hostname":"GM","msg":"book removed from cache"}
{"level":40,"time":"2024-07-10T13:54:58.687Z","pid":10616,"hostname":"GM","msg":"book not found"}
{"level":50,"time":"2024-07-10T13:54:58.687Z","pid":10616,"hostname":"GM","msg":"Book with id 668bc242f0064ecc809a1be5 not found"}
{"level":50,"time":"2024-07-10T13:57:49.407Z","pid":21688,"hostname":"GM","msg":"Book with id 668bc242f0064ecc809a1be5 not found"}
{"level":30,"time":"2024-07-10T13:57:55.966Z","pid":21688,"hostname":"GM","msg":"DB read"}
{"level":50,"time":"2024-07-10T13:58:04.486Z","pid":21688,"hostname":"GM","msg":"Cannot read properties of undefined (reading '_id')"}
{"level":50,"time":"2024-07-10T13:58:15.220Z","pid":15776,"hostname":"GM","msg":"Cannot read properties of undefined (reading 'id')"}
{"level":30,"time":"2024-07-10T13:58:42.517Z","pid":15776,"hostname":"GM","msg":"Token created"}
{"level":50,"time":"2024-07-10T13:58:44.128Z","pid":15776,"hostname":"GM","msg":"Cannot read properties of undefined (reading 'id')"}
{"level":30,"time":"2024-07-10T13:58:57.778Z","pid":17184,"hostname":"GM"}
{"level":50,"time":"2024-07-10T13:58:57.778Z","pid":17184,"hostname":"GM","msg":"Cannot read properties of undefined (reading 'id')"}
{"level":30,"time":"2024-07-10T14:01:38.472Z","pid":3140,"hostname":"GM","msg":"Token created"}
{"level":30,"time":"2024-07-10T14:01:42.654Z","pid":3140,"hostname":"GM","msg":"Token created"}
{"level":30,"time":"2024-07-10T14:01:45.814Z","pid":3140,"hostname":"GM"}
{"level":50,"time":"2024-07-10T14:01:45.814Z","pid":3140,"hostname":"GM","msg":"Cannot read properties of undefined (reading 'id')"}
{"level":30,"time":"2024-07-10T14:02:54.711Z","pid":1636,"hostname":"GM","msg":"Token created"}
{"level":30,"time":"2024-07-10T14:02:59.109Z","pid":1636,"hostname":"GM"}
{"level":50,"time":"2024-07-10T14:02:59.109Z","pid":1636,"hostname":"GM","msg":"Cannot read properties of undefined (reading 'id')"}
{"level":30,"time":"2024-07-10T14:10:30.953Z","pid":16952,"hostname":"GM","$__":{"activePaths":{"paths":{"lastname":"init","firstname":"init","username":"init","password":"init","email":"init","role":"init","favouriteBooks":"init","readBooks":"init","reviews":"init","_id":"init","__v":"init"},"states":{"require":{},"default":{},"init":{"_id":true,"email":true,"password":true,"username":true,"firstname":true,"lastname":true,"role":true,"favouriteBooks":true,"readBooks":true,"reviews":true,"__v":true}}},"skipId":true},"$isNew":false,"_doc":{"_id":"668e623912d28650fd35f3af","email":"test@gmail.com","password":"$2b$11$oizWUZM362MXI.oHdj1JOerZai209B99aOezh2ouC5ExZLfXVuWaW","username":"Admin","firstname":"Admin","lastname":"Admnin","role":"ADMIN","favouriteBooks":[],"readBooks":[],"reviews":[],"__v":0}}
{"level":30,"time":"2024-07-10T14:10:30.982Z","pid":16952,"hostname":"GM","msg":"User found"}
{"level":30,"time":"2024-07-10T14:10:31.010Z","pid":16952,"hostname":"GM","msg":"Book added to favourite books"}
{"level":30,"time":"2024-07-10T16:06:40.994Z","pid":4588,"hostname":"GM","msg":"User found"}
{"level":30,"time":"2024-07-10T16:06:41.029Z","pid":4588,"hostname":"GM","msg":"Book added to favourite books"}
{"level":30,"time":"2024-07-10T16:06:42.458Z","pid":4588,"hostname":"GM","msg":"User found"}
{"level":30,"time":"2024-07-10T16:06:42.485Z","pid":4588,"hostname":"GM","msg":"Book added to favourite books"}
{"level":30,"time":"2024-07-10T16:06:51.900Z","pid":4588,"hostname":"GM","msg":"DB read"}
{"level":30,"time":"2024-07-10T16:07:00.645Z","pid":4588,"hostname":"GM","msg":"DB read"}
{"level":30,"time":"2024-07-10T16:07:03.583Z","pid":4588,"hostname":"GM","msg":"DB read"}
{"level":30,"time":"2024-07-10T16:07:05.085Z","pid":4588,"hostname":"GM","msg":"DB read"}
{"level":30,"time":"2024-07-10T16:07:38.057Z","pid":4588,"hostname":"GM","msg":"DB read"}
{"level":30,"time":"2024-07-10T16:09:02.740Z","pid":22332,"hostname":"GM","msg":"DB read"}
{"level":30,"time":"2024-07-10T16:09:05.605Z","pid":22332,"hostname":"GM","msg":"User found"}
{"level":30,"time":"2024-07-10T16:09:05.639Z","pid":22332,"hostname":"GM","msg":"Book added to favourite books"}
{"level":30,"time":"2024-07-10T16:09:06.624Z","pid":22332,"hostname":"GM","msg":"User found"}
{"level":50,"time":"2024-07-10T16:09:06.624Z","pid":22332,"hostname":"GM","msg":"The book is already in the favourite books array"}
{"level":30,"time":"2024-07-10T16:09:09.610Z","pid":22332,"hostname":"GM","msg":"DB read"}
{"level":30,"time":"2024-07-10T16:12:12.562Z","pid":21112,"hostname":"GM","msg":"book found"}
{"level":40,"time":"2024-07-10T16:12:12.562Z","pid":21112,"hostname":"GM","msg":"Book not found"}
{"level":50,"time":"2024-07-10T16:12:12.562Z","pid":21112,"hostname":"GM","msg":"Book with id 6687ea86f3908879c4337adf not found"}
{"level":30,"time":"2024-07-10T16:12:43.355Z","pid":7984,"hostname":"GM","msg":"book found"}
{"level":40,"time":"2024-07-10T16:12:43.356Z","pid":7984,"hostname":"GM","msg":"Book not found"}
{"level":50,"time":"2024-07-10T16:12:43.356Z","pid":7984,"hostname":"GM","msg":"Book with id 6687ea86f3908879c4337adf not found"}
{"level":30,"time":"2024-07-10T16:12:56.000Z","pid":7984,"hostname":"GM","msg":"book found"}
{"level":30,"time":"2024-07-10T16:12:56.037Z","pid":7984,"hostname":"GM","msg":"book removed"}
{"level":30,"time":"2024-07-10T16:15:15.062Z","pid":23216,"hostname":"GM","msg":"book added to read books"}
{"level":30,"time":"2024-07-10T16:15:17.740Z","pid":23216,"hostname":"GM","msg":"book added to read books"}
{"level":50,"time":"2024-07-10T16:18:13.189Z","pid":15452,"hostname":"GM","msg":"Book with id 6687ea86f3908879c4337adf not found"}
{"level":50,"time":"2024-07-10T16:18:25.699Z","pid":7904,"hostname":"GM","msg":"Book with id 6687ea86f3908879c4337adf not found"}
{"level":30,"time":"2024-07-10T16:18:49.655Z","pid":7904,"hostname":"GM","msg":"User found"}
{"level":30,"time":"2024-07-10T16:18:49.692Z","pid":7904,"hostname":"GM","msg":"book added to read books"}
{"level":30,"time":"2024-07-10T16:18:53.364Z","pid":7904,"hostname":"GM","msg":"User found"}
{"level":40,"time":"2024-07-10T16:18:53.364Z","pid":7904,"hostname":"GM","msg":"The book is already in the read books array"}
{"level":30,"time":"2024-07-10T16:26:55.178Z","pid":1568,"hostname":"GM","msg":"User found"}
{"level":40,"time":"2024-07-10T16:26:55.179Z","pid":1568,"hostname":"GM","msg":"The book is already in the read books array"}
{"level":50,"time":"2024-07-10T16:27:00.708Z","pid":1568,"hostname":"GM","msg":"readBooks is not defined"}
{"level":50,"time":"2024-07-10T16:27:42.178Z","pid":16796,"hostname":"GM","msg":"readBooks is not defined"}
{"level":30,"time":"2024-07-10T16:28:54.698Z","pid":9964,"hostname":"GM","msg":"book removed from read books"}
{"level":30,"time":"2024-07-10T16:28:56.476Z","pid":9964,"hostname":"GM","msg":"book removed from read books"}
{"level":30,"time":"2024-07-10T16:28:57.985Z","pid":9964,"hostname":"GM","msg":"book removed from read books"}
{"level":30,"time":"2024-07-10T16:31:10.652Z","pid":21904,"hostname":"GM","msg":"book removed from read books"}
{"level":30,"time":"2024-07-10T16:31:11.907Z","pid":21904,"hostname":"GM","msg":"book removed from read books"}
{"level":30,"time":"2024-07-10T16:31:19.043Z","pid":21904,"hostname":"GM","msg":"DB read"}
{"level":30,"time":"2024-07-10T16:31:31.211Z","pid":21904,"hostname":"GM","msg":"book removed from read books"}
